0 info it worked if it ends with ok
1 verbose cli [ 'C:\\Program Files\\nodejs\\node.exe',
1 verbose cli   'C:\\Program Files\\nodejs\\node_modules\\npm\\bin\\npm-cli.js',
1 verbose cli   'run',
1 verbose cli   'serve' ]
2 info using npm@3.10.10
3 info using node@v6.11.2
4 verbose run-script [ 'preserve', 'serve', 'postserve' ]
5 info lifecycle reactjsapp@1.0.0~preserve: reactjsapp@1.0.0
6 silly lifecycle reactjsapp@1.0.0~preserve: no script for preserve, continuing
7 info lifecycle reactjsapp@1.0.0~serve: reactjsapp@1.0.0
8 verbose lifecycle reactjsapp@1.0.0~serve: unsafe-perm in lifecycle true
9 verbose lifecycle reactjsapp@1.0.0~serve: PATH: C:\Program Files\nodejs\node_modules\npm\bin\node-gyp-bin;D:\Projects\2017-2018\ReactJs\react-webpack\node_modules\.bin;C:\ProgramData\Oracle\Java\javapath;C:\WINDOWS\system32;C:\WINDOWS;C:\WINDOWS\System32\Wbem;C:\WINDOWS\System32\WindowsPowerShell\v1.0\;C:\Program Files\Microsoft SQL Server\120\DTS\Binn\;C:\Program Files\Microsoft SQL Server\Client SDK\ODBC\110\Tools\Binn\;C:\Program Files\Microsoft SQL Server\120\Tools\Binn\ManagementStudio\;C:\Program Files\Microsoft SQL Server\120\Tools\Binn\;C:\Program Files\Windows Kits\8.1\Windows Performance Toolkit\;C:\Program Files\Microsoft SQL Server\110\Tools\Binn\;C:\Program Files\Windows Live\Shared;C:\Program Files\Skype\Phone\;C:\Program Files\Git\cmd;C:\Program Files\Microsoft SDKs\TypeScript\1.0\;C:\Program Files\Git\bin;C:\Program Files\nodejs\;C:\Users\Developer\AppData\Local\Microsoft\WindowsApps;C:\Users\Developer\AppData\Roaming\npm
10 verbose lifecycle reactjsapp@1.0.0~serve: CWD: D:\Projects\2017-2018\ReactJs\react-webpack
11 silly lifecycle reactjsapp@1.0.0~serve: Args: [ '/d /s /c', 'webpack-dev-server --hot' ]
12 silly lifecycle reactjsapp@1.0.0~serve: Returned: code: 3221225786  signal: null
13 info lifecycle reactjsapp@1.0.0~serve: Failed to exec serve script
14 verbose stack Error: reactjsapp@1.0.0 serve: `webpack-dev-server --hot`
14 verbose stack Exit status 3221225786
14 verbose stack     at EventEmitter.<anonymous> (C:\Program Files\nodejs\node_modules\npm\lib\utils\lifecycle.js:255:16)
14 verbose stack     at emitTwo (events.js:106:13)
14 verbose stack     at EventEmitter.emit (events.js:191:7)
14 verbose stack     at ChildProcess.<anonymous> (C:\Program Files\nodejs\node_modules\npm\lib\utils\spawn.js:40:14)
14 verbose stack     at emitTwo (events.js:106:13)
14 verbose stack     at ChildProcess.emit (events.js:191:7)
14 verbose stack     at maybeClose (internal/child_process.js:891:16)
14 verbose stack     at Process.ChildProcess._handle.onexit (internal/child_process.js:226:5)
15 verbose pkgid reactjsapp@1.0.0
16 verbose cwd D:\Projects\2017-2018\ReactJs\react-webpack
17 error Windows_NT 10.0.14393
18 error argv "C:\\Program Files\\nodejs\\node.exe" "C:\\Program Files\\nodejs\\node_modules\\npm\\bin\\npm-cli.js" "run" "serve"
19 error node v6.11.2
20 error npm  v3.10.10
21 error code ELIFECYCLE
22 error reactjsapp@1.0.0 serve: `webpack-dev-server --hot`
22 error Exit status 3221225786
23 error Failed at the reactjsapp@1.0.0 serve script 'webpack-dev-server --hot'.
23 error Make sure you have the latest version of node.js and npm installed.
23 error If you do, this is most likely a problem with the reactjsapp package,
23 error not with npm itself.
23 error Tell the author that this fails on your system:
23 error     webpack-dev-server --hot
23 error You can get information on how to open an issue for this project with:
23 error     npm bugs reactjsapp
23 error Or if that isn't available, you can get their info via:
23 error     npm owner ls reactjsapp
23 error There is likely additional logging output above.
24 verbose exit [ 1, true ]
